[debug] [2020-08-11T20:05:26.761Z] ----------------------------------------------------------------------
[debug] [2020-08-11T20:05:26.762Z] Command:       /home/achyuth/.nvm/versions/node/v12.18.2/bin/node /home/achyuth/.nvm/versions/node/v12.18.2/bin/firebase init
[debug] [2020-08-11T20:05:26.763Z] CLI Version:   8.7.0
[debug] [2020-08-11T20:05:26.763Z] Platform:      linux
[debug] [2020-08-11T20:05:26.763Z] Node Version:  v12.18.2
[debug] [2020-08-11T20:05:26.763Z] Time:          Wed Aug 12 2020 01:35:26 GMT+0530 (India Standard Time)
[debug] [2020-08-11T20:05:26.763Z] ----------------------------------------------------------------------
[debug] [2020-08-11T20:05:26.763Z] 
[debug] [2020-08-11T20:05:26.767Z] > command requires scopes: ["email","openid","https://www.googleapis.com/auth/cloudplatformprojects.readonly","https://www.googleapis.com/auth/firebase","https://www.googleapis.com/auth/cloud-platform"]
[debug] [2020-08-11T20:05:26.767Z] > authorizing via signed-in user
[info] 
     ######## #### ########  ######## ########     ###     ######  ########
     ##        ##  ##     ## ##       ##     ##  ##   ##  ##       ##
     ######    ##  ########  ######   ########  #########  ######  ######
     ##        ##  ##    ##  ##       ##     ## ##     ##       ## ##
     ##       #### ##     ## ######## ########  ##     ##  ######  ########

You're about to initialize a Firebase project in this directory:

  /home/achyuth/Documents/javascript/learning_react

[info] 
=== Project Setup
[info] 
[info] First, let's associate this project directory with a Firebase project.
[info] You can create multiple project aliases by running firebase use --add, 
[info] but for now we'll just set up a default project.
[info] 
[debug] [2020-08-11T20:05:31.323Z] >>> HTTP REQUEST GET https://firebase.googleapis.com/v1beta1/projects?pageSize=100  
 
[debug] [2020-08-11T20:05:46.539Z] Server Error. read ECONNRESET
[debug] [2020-08-11T20:05:46.793Z] FirebaseError: Server Error. read ECONNRESET
    at Request._callback (/home/achyuth/.nvm/versions/node/v12.18.2/lib/node_modules/firebase-tools/lib/api.js:32:31)
    at self.callback (/home/achyuth/.nvm/versions/node/v12.18.2/lib/node_modules/firebase-tools/node_modules/request/request.js:185:22)
    at Request.emit (events.js:315:20)
    at Request.EventEmitter.emit (domain.js:482:12)
    at Request.onRequestError (/home/achyuth/.nvm/versions/node/v12.18.2/lib/node_modules/firebase-tools/node_modules/request/request.js:877:8)
    at ClientRequest.emit (events.js:327:22)
    at ClientRequest.EventEmitter.emit (domain.js:482:12)
    at TLSSocket.socketErrorListener (_http_client.js:426:9)
    at TLSSocket.emit (events.js:315:20)
    at TLSSocket.EventEmitter.emit (domain.js:482:12)
    at emitErrorNT (internal/streams/destroy.js:92:8)
    at emitErrorAndCloseNT (internal/streams/destroy.js:60:3)
    at processTicksAndRejections (internal/process/task_queues.js:84:21)
[error] 
[error] Error: Failed to list Firebase projects. See firebase-debug.log for more info.
[debug] [2020-08-11T20:06:12.530Z] ----------------------------------------------------------------------
[debug] [2020-08-11T20:06:12.532Z] Command:       /home/achyuth/.nvm/versions/node/v12.18.2/bin/node /home/achyuth/.nvm/versions/node/v12.18.2/bin/firebase init
[debug] [2020-08-11T20:06:12.533Z] CLI Version:   8.7.0
[debug] [2020-08-11T20:06:12.533Z] Platform:      linux
[debug] [2020-08-11T20:06:12.533Z] Node Version:  v12.18.2
[debug] [2020-08-11T20:06:12.534Z] Time:          Wed Aug 12 2020 01:36:12 GMT+0530 (India Standard Time)
[debug] [2020-08-11T20:06:12.535Z] ----------------------------------------------------------------------
[debug] [2020-08-11T20:06:12.535Z] 
[debug] [2020-08-11T20:06:12.541Z] > command requires scopes: ["email","openid","https://www.googleapis.com/auth/cloudplatformprojects.readonly","https://www.googleapis.com/auth/firebase","https://www.googleapis.com/auth/cloud-platform"]
[debug] [2020-08-11T20:06:12.541Z] > authorizing via signed-in user
[info] 
     ######## #### ########  ######## ########     ###     ######  ########
     ##        ##  ##     ## ##       ##     ##  ##   ##  ##       ##
     ######    ##  ########  ######   ########  #########  ######  ######
     ##        ##  ##    ##  ##       ##     ## ##     ##       ## ##
     ##       #### ##     ## ######## ########  ##     ##  ######  ########

You're about to initialize a Firebase project in this directory:

  /home/achyuth/Documents/javascript/learning_react

[info] 
=== Project Setup
[info] 
[info] First, let's associate this project directory with a Firebase project.
[info] You can create multiple project aliases by running firebase use --add, 
[info] but for now we'll just set up a default project.
[info] 
[debug] [2020-08-11T20:06:42.442Z] >>> HTTP REQUEST GET https://firebase.googleapis.com/v1beta1/projects?pageSize=100  
 
[debug] [2020-08-11T20:06:57.764Z] Server Error. read ECONNRESET
[debug] [2020-08-11T20:06:57.999Z] FirebaseError: Server Error. read ECONNRESET
    at Request._callback (/home/achyuth/.nvm/versions/node/v12.18.2/lib/node_modules/firebase-tools/lib/api.js:32:31)
    at self.callback (/home/achyuth/.nvm/versions/node/v12.18.2/lib/node_modules/firebase-tools/node_modules/request/request.js:185:22)
    at Request.emit (events.js:315:20)
    at Request.EventEmitter.emit (domain.js:482:12)
    at Request.onRequestError (/home/achyuth/.nvm/versions/node/v12.18.2/lib/node_modules/firebase-tools/node_modules/request/request.js:877:8)
    at ClientRequest.emit (events.js:327:22)
    at ClientRequest.EventEmitter.emit (domain.js:482:12)
    at TLSSocket.socketErrorListener (_http_client.js:426:9)
    at TLSSocket.emit (events.js:315:20)
    at TLSSocket.EventEmitter.emit (domain.js:482:12)
    at emitErrorNT (internal/streams/destroy.js:92:8)
    at emitErrorAndCloseNT (internal/streams/destroy.js:60:3)
    at processTicksAndRejections (internal/process/task_queues.js:84:21)
[error] 
[error] Error: Failed to list Firebase projects. See firebase-debug.log for more info.
